[     641ms] [INFO] [CDN Reach Checker] ali 可达，无需降级 @ https://www.yupao.com/zhaogong/317440443.html:0
[     908ms] [LOG] 🚀 ~ file: index.ts:16 ~ AppGlobalProperties ~ AppGlobalProperties: pro @ https://cdn.yupaowang.com/yp_pc_static/static/pro/429202663012/_next/static/chunks/pages/_app-c46d18720cb81399.js:0
[    1099ms] [LOG] %c Chat %c background:#0abf5b; padding:1px; border-radius:3px; color: #fff background:transparent 20:25:45.663 TencentCloudChat.VERSION:3.5.9 @ https://cdn.yupaowang.com/yp_pc_static/static/pro/429202663012/_next/static/chunks/3557-2cd7f3ae4aabbd69.js:0
[    1103ms] [LOG] fish-editor version--------- 1.0.2 @ https://cdn.yupaowang.com/yp_pc_static/static/pro/429202663012/_next/static/chunks/pages/_app-c46d18720cb81399.js:0
[    1121ms] [LOG] 组件预注册完成: [View, Text, Image, Video, Login, Swiper] @ https://cdn.yupaowang.com/yp_pc_static/static/pro/429202663012/_next/static/chunks/pages/_app-c46d18720cb81399.js:0
[    1121ms] [WARNING] 组件已经预注册，跳过重复注册 @ https://cdn.yupaowang.com/yp_pc_static/static/pro/429202663012/_next/static/chunks/pages/_app-c46d18720cb81399.js:0
[    1146ms] [LOG] antd version: 4.24.16 @ https://cdn.yupaowang.com/yp_pc_static/static/pro/429202663012/_next/static/chunks/pages/_app-c46d18720cb81399.js:0
[    1146ms] [LOG] 创建IM执行次数---------------- @ https://cdn.yupaowang.com/yp_pc_static/static/pro/429202663012/_next/static/chunks/pages/_app-c46d18720cb81399.js:0
[    1146ms] [LOG] %c Chat %c background:#0abf5b; padding:1px; border-radius:3px; color: #fff background:transparent 20:25:45.752 TencentCloudChat.create @ https://cdn.yupaowang.com/yp_pc_static/static/pro/429202663012/_next/static/chunks/3557-2cd7f3ae4aabbd69.js:0
[    1148ms] [LOG] %c Chat %c background:#0abf5b; padding:1px; border-radius:3px; color: #fff background:transparent 20:25:45.754 SocketHandler._connect isWorkerEnabled:true socketID:71690947 url:wss://1600019200w4c.my-imcloud.com/binfo?sdkappid=1600019200&instanceid=7848a1d624689b53bdfc6684915a7bbf&random=0.10927341487435938&platform=7&host=windows&version=-1&sdkversion=3.5.9&compress=gzip @ https://cdn.yupaowang.com/yp_pc_static/static/pro/429202663012/_next/static/chunks/3557-2cd7f3ae4aabbd69.js:0
[    1151ms] [LOG] %c Chat %c background:#0abf5b; padding:1px; border-radius:3px; color: #fff background:transparent 20:25:45.758 ErrMsgModule._needToUpdate isTimeout:false isDifferentVersion:false @ https://cdn.yupaowang.com/yp_pc_static/static/pro/429202663012/_next/static/chunks/3557-2cd7f3ae4aabbd69.js:0
[    1152ms] [INFO] %c Chat %c background:#0abf5b; padding:1px; border-radius:3px; color: #fff background:transparent 20:25:45.759 SDK instanceID:7848a1d624689b53bdfc6684915a7bbf SDKAppID:1600019200 isIntl:false isUsingChatCore:false host:windows isIOSWebView:false platform:7 canIUseInflate:true workerAvailable:true eventThrottling:true UserAgent:Mozilla/5.0 (Windows NT 10.0; Win64; x64) AppleWebKit/537.36 (KHTML, like Gecko) Chrome/147.0.0.0 Safari/537.36 @ https://cdn.yupaowang.com/yp_pc_static/static/pro/429202663012/_next/static/chunks/3557-2cd7f3ae4aabbd69.js:0
[    1153ms] [LOG] %c Chat %c background:#0abf5b; padding:1px; border-radius:3px; color: #fff background:transparent 20:25:45.759 TencentCloudChat.create ok @ https://cdn.yupaowang.com/yp_pc_static/static/pro/429202663012/_next/static/chunks/3557-2cd7f3ae4aabbd69.js:0
[    1166ms] [LOG] ----->isNoHL false @ https://cdn.yupaowang.com/yp_pc_static/static/pro/429202663012/_next/static/chunks/pages/_app-c46d18720cb81399.js:0
[    1196ms] [LOG] ----->isNoHL false @ https://cdn.yupaowang.com/yp_pc_static/static/pro/429202663012/_next/static/chunks/pages/_app-c46d18720cb81399.js:0
[    1213ms] [LOG] WASM module loaded successfully. @ https://cdn.yupaowang.com/yp_pc_static/static/pro/429202663012/_next/static/chunks/pages/_app-c46d18720cb81399.js:0
[    1334ms] [INFO] [default] appid: 10000001, userInfo:{"user_unique_id":"7635632763370047750","web_id":"7635632763370047750"} @ https://cdn.yupao.com/new_yupao_hybrid/js/collect-privity-v5.1.2.js?1777811145765:0
[    1335ms] [INFO] [default] appid: 10000001, sdk is ready, version is 5.1.2_tob, you can report now !!! @ https://cdn.yupao.com/new_yupao_hybrid/js/collect-privity-v5.1.2.js?1777811145765:0
[    3233ms] [LOG] [useWatermark] 水印添加成功 - 时间: 2026-05-03 20:25:47 @ https://cdn.yupaowang.com/yp_pc_static/static/pro/429202663012/_next/static/chunks/pages/_app-c46d18720cb81399.js:0
[    3240ms] [LOG] [useWatermark] 暗水印添加成功 - 2026-05-03 20:25:47 @ https://cdn.yupaowang.com/yp_pc_static/static/pro/429202663012/_next/static/chunks/pages/_app-c46d18720cb81399.js:0
[    4278ms] [LOG] ----->isNoHL false @ https://cdn.yupaowang.com/yp_pc_static/static/pro/429202663012/_next/static/chunks/pages/_app-c46d18720cb81399.js:0
[    4714ms] [WARNING] Canvas2D: Multiple readback operations using getImageData are faster with the willReadFrequently attribute set to true. See: https://html.spec.whatwg.org/multipage/canvas.html#concept-canvas-will-read-frequently @ :0
[    7227ms] [TABLE] [Object, Object, Object, Object, Object, Object, Object, Object, Object, Object, Object, Object, Object, Object, Object, Object, Object, Object, Object, Object, Object, Object, Object, Object, Object, Object, Object, Object, Object, Object, Object, Object, Object, Object, Object, Object, Object, Object, Object, Object, Object, Object, Object, Object, Object, Object, Object, Object, Object, Object] @ https://cdn.yupaowang.com/yp_pc_static/static/pro/429202663012/_next/static/chunks/4555.2ca7af9e12fbb1dc.js:0
[    7255ms] [LOG] [Object, Object, Object, Object, Object, Object, Object, Object, Object, Object, Object, Object, Object, Object, Object, Object, Object, Object, Object, Object, Object, Object, Object, Object, Object, Object, Object, Object, Object, Object, Object, Object, Object, Object, Object, Object, Object, Object, Object, Object, Object, Object, Object, Object, Object, Object, Object, Object, Object, Object] @ https://cdn.yupaowang.com/yp_pc_static/static/pro/429202663012/_next/static/chunks/4555.2ca7af9e12fbb1dc.js:0
[    7255ms] [TABLE] [Object, Object, Object, Object, Object, Object, Object, Object, Object, Object, Object, Object, Object, Object, Object, Object, Object, Object, Object, Object, Object, Object, Object, Object, Object, Object, Object, Object, Object, Object, Object, Object, Object, Object, Object, Object, Object, Object, Object, Object, Object, Object, Object, Object, Object, Object, Object, Object, Object, Object] @ https://cdn.yupaowang.com/yp_pc_static/static/pro/429202663012/_next/static/chunks/4555.2ca7af9e12fbb1dc.js:0
[    7282ms] [LOG] [Object, Object, Object, Object, Object, Object, Object, Object, Object, Object, Object, Object, Object, Object, Object, Object, Object, Object, Object, Object, Object, Object, Object, Object, Object, Object, Object, Object, Object, Object, Object, Object, Object, Object, Object, Object, Object, Object, Object, Object, Object, Object, Object, Object, Object, Object, Object, Object, Object, Object] @ https://cdn.yupaowang.com/yp_pc_static/static/pro/429202663012/_next/static/chunks/4555.2ca7af9e12fbb1dc.js:0
[    7282ms] [TABLE] [Object, Object, Object, Object, Object, Object, Object, Object, Object, Object, Object, Object, Object, Object, Object, Object, Object, Object, Object, Object, Object, Object, Object, Object, Object, Object, Object, Object, Object, Object, Object, Object, Object, Object, Object, Object, Object, Object, Object, Object, Object, Object, Object, Object, Object, Object, Object, Object, Object, Object] @ https://cdn.yupaowang.com/yp_pc_static/static/pro/429202663012/_next/static/chunks/4555.2ca7af9e12fbb1dc.js:0
[    7311ms] [LOG] [Object, Object, Object, Object, Object, Object, Object, Object, Object, Object, Object, Object, Object, Object, Object, Object, Object, Object, Object, Object, Object, Object, Object, Object, Object, Object, Object, Object, Object, Object, Object, Object, Object, Object, Object, Object, Object, Object, Object, Object, Object, Object, Object, Object, Object, Object, Object, Object, Object, Object] @ https://cdn.yupaowang.com/yp_pc_static/static/pro/429202663012/_next/static/chunks/4555.2ca7af9e12fbb1dc.js:0
[    7312ms] [WARNING] You don't have permission to use DEVTOOL!【type = 6】 @ https://cdn.yupaowang.com/yp_pc_static/static/pro/429202663012/_next/static/chunks/4555.2ca7af9e12fbb1dc.js:0
[    7312ms] [WARNING] Scripts may close only the windows that were opened by them. @ https://cdn.yupaowang.com/yp_pc_static/static/pro/429202663012/_next/static/chunks/pages/_app-c46d18720cb81399.js:0
